<?xml version="1.0" encoding="UTF-8"?>
<!-- Generated by org.testng.reporters.JUnitReportReporter -->
<testsuite hostname="DESKTOP-LGO5BEJ" failures="0" tests="1" name="testNGFramework.day_01" time="0.008" errors="0" timestamp="2022-11-27T20:11:35 EST" skipped="0">
  <testcase classname="testNGFramework.day_01" name="SencondTest" time="0.008"/>
  <system-out/>
</testsuite> <!-- testNGFramework.day_01 -->
