<?xml version="1.0" encoding="UTF-8"?>
<!-- Generated by org.testng.reporters.JUnitReportReporter -->
<testsuite hostname="DESKTOP-LGO5BEJ" failures="0" tests="1" name="TestNGPractice.OpenBrowser" time="4.160" errors="0" timestamp="2022-11-11T16:56:36 EST" skipped="0">
  <testcase classname="TestNGPractice.OpenBrowser" name="openBrowser" time="4.160"/>
  <system-out/>
</testsuite> <!-- TestNGPractice.OpenBrowser -->
