<?xml version="1.0" encoding="UTF-8"?>
<!-- Generated by org.testng.reporters.JUnitReportReporter -->
<testsuite hostname="DESKTOP-LGO5BEJ" failures="0" tests="3" name="TestNGDemo.day_04" time="0.003" errors="0" timestamp="2022-12-10T12:40:27 EST" skipped="0">
  <testcase classname="TestNGDemo.day_04" name="MobileLoginHomeLoan" time="0.001"/>
  <system-out/>
  <testcase classname="TestNGDemo.day_04" name="LoginApiHomeLoan" time="0.001"/>
  <system-out/>
  <testcase classname="TestNGDemo.day_04" name="WebloginHomeLoan" time="0.001"/>
  <system-out/>
</testsuite> <!-- TestNGDemo.day_04 -->
