<?xml version="1.0" encoding="UTF-8"?>
<!-- Generated by org.testng.reporters.JUnitReportReporter -->
<testsuite hostname="DESKTOP-LGO5BEJ" failures="0" tests="5" name="TestNGDemo.day_03" time="0.005" errors="0" timestamp="2022-12-10T12:40:27 EST" skipped="0">
  <testcase classname="TestNGDemo.day_03" name="MobileLoginCarLoan" time="0.001"/>
  <system-out/>
  <testcase classname="TestNGDemo.day_03" name="WebloginCarLoan" time="0.001"/>
  <system-out/>
  <testcase classname="TestNGDemo.day_03" name="MobileLoginCarLoan1" time="0.001"/>
  <system-out/>
  <testcase classname="TestNGDemo.day_03" name="MobileLoginCarLoan2" time="0.001"/>
  <system-out/>
  <testcase classname="TestNGDemo.day_03" name="LoginApicarLoan" time="0.001"/>
  <system-out/>
</testsuite> <!-- TestNGDemo.day_03 -->
