<?xml version="1.0" encoding="UTF-8"?>
<!-- Generated by org.testng.reporters.JUnitReportReporter -->
<testsuite hostname="DESKTOP-LGO5BEJ" failures="0" tests="1" name="TestNGDemo.day_02" time="0.000" errors="0" timestamp="2022-12-10T12:40:27 EST" skipped="0">
  <testcase classname="TestNGDemo.day_02" name="loan" time="0.000"/>
  <system-out/>
</testsuite> <!-- TestNGDemo.day_02 -->
