<?xml version="1.0" encoding="UTF-8"?>
<!-- Generated by org.testng.reporters.JUnitReportReporter -->
<testsuite hostname="DESKTOP-LGO5BEJ" failures="0" tests="2" name="TestNGDemo.day_01" time="0.013" errors="0" timestamp="2022-12-10T18:13:46 EST" skipped="0">
  <testcase classname="TestNGDemo.day_01" name="demo" time="0.001"/>
  <system-out/>
  <testcase classname="TestNGDemo.day_01" name="SencondTest" time="0.012"/>
  <system-out/>
</testsuite> <!-- TestNGDemo.day_01 -->
